INFO:root:Called with: Namespace(n_epochs=1, snapshot_gameplay_policy_epochs=100, snapshot_game_state_epochs=100, reg=0, baseline=False, cma_init_var=0.05, entropy_eval_epochs=10, func=<function init_coolgame_domain at 0x284b25800>)
INFO:root:Starting balancer
INFO:root:Iteration 0
INFO:root:START: botA_botB for 1 episodes. Budget: 5
INFO:root:Budget: 5. botA_botB episode: 1/1
INFO:root:P1: 2: P2: 1 won:-1.0
INFO:root:P1: 1: P2: 1 won:0
INFO:root:START: botA_botB for 1 episodes. Budget: 5
INFO:root:Budget: 5. botA_botB episode: 1/1
INFO:root:P1: 1: P2: 2 won:-1.0
INFO:root:START: botA_botB for 1 episodes. Budget: 5
INFO:root:Budget: 5. botA_botB episode: 1/1
INFO:root:P1: 0: P2: 1 won:1.0
INFO:root:START: botA_botB for 1 episodes. Budget: 5
INFO:root:Budget: 5. botA_botB episode: 1/1
INFO:root:P1: 2: P2: 0 won:1.0
INFO:root:P1: 2: P2: 2 won:0
INFO:root:START: botA_botB for 1 episodes. Budget: 5
INFO:root:Budget: 5. botA_botB episode: 1/1
INFO:root:P1: 0: P2: 2 won:1.0
INFO:root:START: botA_botB for 1 episodes. Budget: 5
INFO:root:Budget: 5. botA_botB episode: 1/1
INFO:root:P1: 1: P2: 0 won:1.0
INFO:root:START: botA_botB for 1 episodes. Budget: 5
INFO:root:Budget: 5. botA_botB episode: 1/1
INFO:root:P1: 0: P2: 1 won:1.0
INFO:root:START: botA_botB for 1 episodes. Budget: 5
INFO:root:Budget: 5. botA_botB episode: 1/1
INFO:root:P1: 2: P2: 0 won:1.0
INFO:root:P_A = [0.38168564 0.29400517 0.32430919]
INFO:root:Entropy Loss=-1.092723248401903
INFO:root:iter 0 eval: 1.09s
INFO:root:iter 0 get opt: 0.00s
INFO:root:iter 0 balance (total): 1.09s
INFO:root:Saving gameplay policies to ./experiments/cool_game_20231128__17_42_49/iter_0
INFO:root:Saving game state to ./experiments/cool_game_20231128__17_42_49/iter_0
INFO:root:Objective: [-1.092723248401903] 

INFO:root:Entropy_loss: [-1.092723248401903] 

INFO:root:Num Samples: 8 

INFO:root:Iteration 1
INFO:root:START: botA_botB for 1 episodes. Budget: 5
INFO:root:Budget: 5. botA_botB episode: 1/1
INFO:root:P1: 0: P2: 2 won:1.0
INFO:root:START: botA_botB for 1 episodes. Budget: 5
INFO:root:Budget: 5. botA_botB episode: 1/1
INFO:root:P1: 2: P2: 1 won:1.0
INFO:root:P1: 2: P2: 2 won:0
INFO:root:START: botA_botB for 1 episodes. Budget: 5
INFO:root:Budget: 5. botA_botB episode: 1/1
INFO:root:P1: 2: P2: 1 won:1.0
INFO:root:P1: 1: P2: 1 won:0
INFO:root:START: botA_botB for 1 episodes. Budget: 5
INFO:root:Budget: 5. botA_botB episode: 1/1
INFO:root:P1: 1: P2: 0 won:-1.0
INFO:root:START: botA_botB for 1 episodes. Budget: 5
INFO:root:Budget: 5. botA_botB episode: 1/1
INFO:root:P1: 2: P2: 0 won:-1.0
INFO:root:START: botA_botB for 1 episodes. Budget: 5
INFO:root:Budget: 5. botA_botB episode: 1/1
INFO:root:P1: 0: P2: 1 won:1.0
INFO:root:START: botA_botB for 1 episodes. Budget: 5
INFO:root:Budget: 5. botA_botB episode: 1/1
INFO:root:P1: 2: P2: 1 won:-1.0
INFO:root:START: botA_botB for 1 episodes. Budget: 5
INFO:root:Budget: 5. botA_botB episode: 1/1
INFO:root:P1: 2: P2: 1 won:-1.0
INFO:root:P_A = [0.45093359 0.27311968 0.27594673]
INFO:root:Entropy Loss=-1.0689009533427623
INFO:root:iter 1 eval: 0.15s
INFO:root:iter 1 get opt: 0.00s
INFO:root:iter 1 balance (total): 0.15s
