INFO:root:Called with: Namespace(n_epochs=1, snapshot_gameplay_policy_epochs=100, snapshot_game_state_epochs=100, reg=0, baseline=False, cma_init_var=0.05, n_league_epochs=1, n_battles_per_league=10, roster_path=None, num_pkm=30, ignore_hp=False, team_size=3, update_after=100, func=<function init_vgc_domain at 0x288820680>)
INFO:root:Starting balancer
INFO:root:Iteration 0
INFO:root:Testing agent vs random
INFO:root:test_rewards: [50], avg reward : 50.000000
INFO:root:P_A=[0.032691266011962615, 0.011070056334851126, 0.027511333653594306, 0.03717209465978122, 0.030747861785130098, 0.036485497816085524, 0.04857740418298593, 0.03587610860965728, 0.040291847882095284, 0.051124455928949604, 0.022003794592260466, 0.01888760956709771, 0.031916673420730415, 0.02813235308250807, 0.017437931671368142, 0.028469133730286904, 0.03894035106883673, 0.0427565748483652, 0.022783785704130397, 0.044758915457862036, 0.04170863455499868, 0.033336635185555435, 0.03434447710559634, 0.020857579741632687, 0.013509286553545233, 0.06217921801539372, 0.026304899201097836, 0.030277417888765257, 0.03972727835957259, 0.0501195861074867]	Entropy=-3.3391709342162827	
INFO:root:metadata reward: -3.3391709342162827
INFO:root:iter 0 eval: 0.98s
INFO:root:iter 0 get opt: 0.01s
INFO:root:iter 0 balance (total): 0.98s
INFO:root:Saving gameplay policies to ./experiments/vgc_20231128__17_48_21/iter_0
INFO:root:Saving game state to ./experiments/vgc_20231128__17_48_21/iter_0
INFO:root:Iteration 1
INFO:root:Testing agent vs random
INFO:root:test_rewards: [24], avg reward : 24.000000
INFO:root:P_A=[0.03204790482355694, 0.012046250084328539, 0.026512817777467428, 0.03753938725728711, 0.03051723353287737, 0.035760296910927115, 0.04783968170174916, 0.03548880262269204, 0.03890336954372673, 0.04957836514306385, 0.02151041481031883, 0.01953829350657151, 0.03346340889346489, 0.028008808876689596, 0.016929843001552158, 0.029382066871914154, 0.04020800514602579, 0.04313781929638294, 0.0216130086993875, 0.0414798692172467, 0.04327206118333732, 0.03499330832054252, 0.03455603758479714, 0.021241083300401826, 0.015008376148925672, 0.06043159837571007, 0.026080805906731907, 0.03094388602220745, 0.04126571108720979, 0.05070150203005363]	Entropy=-3.3427019515086207	
INFO:root:metadata reward: -3.3427019515086207
INFO:root:iter 1 eval: 0.95s
INFO:root:iter 1 get opt: 0.00s
INFO:root:iter 1 balance (total): 0.95s
INFO:root:Saving rewards plot to ./experiments/vgc_20231128__17_48_21/rewards.png
INFO:root:[-3.3391709342162827, -3.3427019515086207]
INFO:root:Saving rewards plot to ./experiments/vgc_20231128__17_48_21/rewards.png
INFO:root:[-3.3391709342162827, -3.3427019515086207]
