INFO:root:Called with: Namespace(n_epochs=1, snapshot_gameplay_policy_epochs=100, snapshot_game_state_epochs=100, reg=0, baseline=False, cma_init_var=0.05, n_league_epochs=1, n_battles_per_league=10, roster_path=None, num_hs=30, ignore_hp=False, team_size=3, update_after=100, func=<function init_hearthstone_domain at 0x2882ca3e0>)
INFO:root:Starting balancer
INFO:root:Iteration 0
INFO:root:Testing agent vs random
INFO:root:test_rewards: [34], avg reward : 34.000000
INFO:root:P_A=[0.033935488790672604, 0.02932004109355213, 0.03565718972386738, 0.031443559304917705, 0.045729892264051275, 0.03335187792350374, 0.01854308317045782, 0.042624521980763476, 0.0357467031283484, 0.03186689681056887, 0.02630531184289575, 0.03599638566393459, 0.02421749210794237, 0.041549729560317765, 0.0339325201172267, 0.03914922704704959, 0.030299949901211123, 0.0274126203482138, 0.0452093642330861, 0.024336385011453448, 0.05789069572906937, 0.024486529746362878, 0.0219915381817737, 0.055008092593396896, 0.02697435484560927, 0.03048252886777612, 0.027294570451687806, 0.029790033924213796, 0.030276298947567105, 0.029176960490892176]	Entropy=-3.3671332763187936	
INFO:root:metadata reward: -3.3671332763187936
INFO:root:iter 0 eval: 0.85s
INFO:root:iter 0 get opt: 0.01s
INFO:root:iter 0 balance (total): 0.85s
INFO:root:Saving gameplay policies to ./experiments/hs_20231128__20_53_25/iter_0
INFO:root:Saving game state to ./experiments/hs_20231128__20_53_25/iter_0
INFO:root:Iteration 1
INFO:root:Testing agent vs random
INFO:root:test_rewards: [13], avg reward : 13.000000
INFO:root:P_A=[0.03207884734086409, 0.029220453291014543, 0.036811901928308514, 0.03149303530684638, 0.044400221353584846, 0.03495756053836416, 0.018066882208648254, 0.041533533042818954, 0.037263293092173286, 0.03247322217753055, 0.026163732453038924, 0.035875956149461034, 0.022936744759804117, 0.042934257614798195, 0.034154307253768036, 0.03880853500450595, 0.030754884680203765, 0.027700237005454324, 0.04503755625988696, 0.02360265732638889, 0.058205742990863625, 0.025813443077265994, 0.02156698885360385, 0.05459262630133848, 0.02659616965325475, 0.031124774136516986, 0.0270251914752124, 0.029177119869364106, 0.030480791144000402, 0.029149425610001962]	Entropy=-3.3664578253609085	
INFO:root:metadata reward: -3.3664578253609085
INFO:root:iter 1 eval: 0.89s
INFO:root:iter 1 get opt: 0.00s
INFO:root:iter 1 balance (total): 0.89s
INFO:root:Saving rewards plot to ./experiments/hs_20231128__20_53_25/rewards.png
INFO:root:[-3.3671332763187936, -3.3664578253609085]
INFO:root:Saving rewards plot to ./experiments/hs_20231128__20_53_25/rewards.png
INFO:root:[-3.3671332763187936, -3.3664578253609085]
