INFO:root:Called with: Namespace(n_epochs=1, snapshot_gameplay_policy_epochs=100, snapshot_game_state_epochs=100, reg=0, baseline=False, cma_init_var=0.05, entropy_eval_epochs=10, func=<function init_coolgame_domain at 0x28c1399e0>)
INFO:root:Starting balancer
INFO:root:Iteration 0
INFO:root:P1: 1: P2: 1 won:0
INFO:root:START: botA_botB for 1 episodes. Budget: 5
INFO:root:Budget: 5. botA_botB episode: 1/1
INFO:root:P1: 1: P2: 0 won:-1.0
INFO:root:START: botA_botB for 1 episodes. Budget: 5
INFO:root:Budget: 5. botA_botB episode: 1/1
INFO:root:P1: 0: P2: 2 won:-1.0
INFO:root:START: botA_botB for 1 episodes. Budget: 5
INFO:root:Budget: 5. botA_botB episode: 1/1
INFO:root:P1: 0: P2: 1 won:-1.0
INFO:root:START: botA_botB for 1 episodes. Budget: 5
INFO:root:Budget: 5. botA_botB episode: 1/1
INFO:root:P1: 1: P2: 2 won:1.0
INFO:root:START: botA_botB for 1 episodes. Budget: 5
INFO:root:Budget: 5. botA_botB episode: 1/1
INFO:root:P1: 0: P2: 1 won:1.0
INFO:root:P1: 2: P2: 2 won:0
INFO:root:P1: 2: P2: 2 won:0
INFO:root:P1: 1: P2: 1 won:0
INFO:root:START: botA_botB for 1 episodes. Budget: 5
INFO:root:Budget: 5. botA_botB episode: 1/1
INFO:root:P1: 1: P2: 0 won:1.0
INFO:root:P_A = [0.30583644 0.3658233  0.32834026]
INFO:root:Entropy Loss=-1.0958737248448578
INFO:root:iter 0 eval: 2.78s
INFO:root:iter 0 get opt: 0.00s
INFO:root:iter 0 balance (total): 2.78s
INFO:root:Saving gameplay policies to ./experiments/cool_game_20231127__13_06_16/iter_0
INFO:root:Saving game state to ./experiments/cool_game_20231127__13_06_16/iter_0
INFO:root:Objective: [-1.0958737248448578] 

INFO:root:Entropy_loss: [-1.0958737248448578] 

INFO:root:Num Samples: 6 

INFO:root:Iteration 1
INFO:root:START: botA_botB for 1 episodes. Budget: 5
INFO:root:Budget: 5. botA_botB episode: 1/1
INFO:root:P1: 0: P2: 1 won:-1.0
INFO:root:START: botA_botB for 1 episodes. Budget: 5
INFO:root:Budget: 5. botA_botB episode: 1/1
INFO:root:P1: 1: P2: 0 won:1.0
INFO:root:P1: 1: P2: 1 won:0
INFO:root:START: botA_botB for 1 episodes. Budget: 5
INFO:root:Budget: 5. botA_botB episode: 1/1
INFO:root:P1: 1: P2: 0 won:-1.0
INFO:root:START: botA_botB for 1 episodes. Budget: 5
INFO:root:Budget: 5. botA_botB episode: 1/1
INFO:root:P1: 0: P2: 1 won:-1.0
INFO:root:START: botA_botB for 1 episodes. Budget: 5
INFO:root:Budget: 5. botA_botB episode: 1/1
INFO:root:P1: 0: P2: 1 won:-1.0
INFO:root:START: botA_botB for 1 episodes. Budget: 5
INFO:root:Budget: 5. botA_botB episode: 1/1
INFO:root:P1: 2: P2: 0 won:1.0
INFO:root:START: botA_botB for 1 episodes. Budget: 5
INFO:root:Budget: 5. botA_botB episode: 1/1
INFO:root:P1: 0: P2: 2 won:-1.0
INFO:root:P1: 0: P2: 0 won:0
INFO:root:P1: 1: P2: 1 won:0
INFO:root:P_A = [0.24568484 0.36845139 0.38586377]
INFO:root:Entropy Loss=-1.0801950480644658
INFO:root:iter 1 eval: 0.12s
INFO:root:iter 1 get opt: 0.00s
INFO:root:iter 1 balance (total): 0.12s
